<?xml version="1.0" encoding="UTF-8"?>
<!-- Generated by org.testng.reporters.JUnitXMLReporter -->
<testsuite ignored="0" hostname="Sarvesh-Pandey.local" failures="1" tests="1" name="Test" time="47.041" errors="0" timestamp="2025-06-13T23:29:35 IST">
  <testcase classname="Webenage.TestCase" name="test" time="33.624">
    <failure type="java.lang.AssertionError" message="Template with name - Personalisation_Test Not Found">
      <![CDATA[java.lang.AssertionError: Template with name - Personalisation_Test Not Found
at org.junit.Assert.fail(Assert.java:89)
at org.junit.Assert.assertTrue(Assert.java:42)
at Webengage.Onsite_Page.searchSelectTemplate(Onsite_Page.java:277)
at Webenage.TestCase.test(TestCase.java:18)
at java.base/java.util.ArrayList.forEach(ArrayList.java:1596)
... Removed 25 stack frames]]>
    </failure>
  </testcase> <!-- test -->
</testsuite> <!-- Test -->
