<?xml version="1.0" encoding="UTF-8"?>
<!-- Generated by org.testng.reporters.JUnitXMLReporter -->
<testsuite ignored="0" hostname="Sarvesh-Pandey.local" failures="1" tests="1" name="Test2" time="47.99" errors="0" timestamp="2025-06-13T23:30:28 IST">
  <testcase classname="Webenage.TestCase2" name="test2" time="33.535">
    <failure type="java.lang.AssertionError" message="Template with name - Personalisation_Test Not Found">
      <![CDATA[java.lang.AssertionError: Template with name - Personalisation_Test Not Found
at org.junit.Assert.fail(Assert.java:89)
at org.junit.Assert.assertTrue(Assert.java:42)
at Webengage.Onsite_Page.searchSelectTemplate(Onsite_Page.java:277)
at Webenage.TestCase2.test2(TestCase2.java:17)
at java.base/java.util.ArrayList.forEach(ArrayList.java:1596)
... Removed 25 stack frames]]>
    </failure>
  </testcase> <!-- test2 -->
</testsuite> <!-- Test2 -->
